Not Found: /sn_app/abou
Not Found: /favicon.ico
Not Found: /sn_app/test/
Not Found: /favicon.ico
Internal Server Error: /sn_app/contact
Traceback (most recent call last):
  File "/home/sergeynikiforov/.virtualenvs/sn/lib/python2.7/site-packages/django/core/handlers/base.py", line 108, in get_response
    response = middleware_method(request)
  File "/home/sergeynikiforov/.virtualenvs/sn/lib/python2.7/site-packages/django/middleware/common.py", line 84, in process_request
    "settings.") % (new_url[0], new_url[1]))
RuntimeError: You called this URL via POST, but the URL doesn't end in a slash and you have APPEND_SLASH set. Django can't redirect to the slash URL while maintaining POST data. Change your form to point to 127.0.0.1:8000/sn_app/contact/ (note the trailing slash), or set APPEND_SLASH=False in your Django settings.
Internal Server Error: /sn_app/contact
Traceback (most recent call last):
  File "/home/sergeynikiforov/.virtualenvs/sn/lib/python2.7/site-packages/django/core/handlers/base.py", line 108, in get_response
    response = middleware_method(request)
  File "/home/sergeynikiforov/.virtualenvs/sn/lib/python2.7/site-packages/django/middleware/common.py", line 84, in process_request
    "settings.") % (new_url[0], new_url[1]))
RuntimeError: You called this URL via POST, but the URL doesn't end in a slash and you have APPEND_SLASH set. Django can't redirect to the slash URL while maintaining POST data. Change your form to point to 127.0.0.1:8000/sn_app/contact/ (note the trailing slash), or set APPEND_SLASH=False in your Django settings.
Internal Server Error: /sn_app/contact
Traceback (most recent call last):
  File "/home/sergeynikiforov/.virtualenvs/sn/lib/python2.7/site-packages/django/core/handlers/base.py", line 108, in get_response
    response = middleware_method(request)
  File "/home/sergeynikiforov/.virtualenvs/sn/lib/python2.7/site-packages/django/middleware/common.py", line 84, in process_request
    "settings.") % (new_url[0], new_url[1]))
RuntimeError: You called this URL via POST, but the URL doesn't end in a slash and you have APPEND_SLASH set. Django can't redirect to the slash URL while maintaining POST data. Change your form to point to 127.0.0.1:8000/sn_app/contact/ (note the trailing slash), or set APPEND_SLASH=False in your Django settings.
Not Found: /sn_app/contact
Not Found: /sn_app/contact
Not Found: /sn_app/contac/
Not Found: /sn_app/contact/
